This is pdfTeX, Version 3.14159265-2.6-1.40.15 (TeX Live 2014) (preloaded format=pdflatex 2014.5.25)  28 FEB 2015 22:53
entering extended mode
 restricted \write18 enabled.
 %&-line parsing enabled.
**mlautman_hw4.tex
(./mlautman_hw4.tex
LaTeX2e <2014/05/01>
Babel <3.9k> and hyphenation patterns for 78 languages loaded.
(/usr/local/texlive/2014/texmf-dist/tex/latex/base/article.cls
Document Class: article 2007/10/19 v1.4h Standard LaTeX document class
(/usr/local/texlive/2014/texmf-dist/tex/latex/base/size10.clo
File: size10.clo 2007/10/19 v1.4h Standard LaTeX file (size option)
)
\c@part=\count79
\c@section=\count80
\c@subsection=\count81
\c@subsubsection=\count82
\c@paragraph=\count83
\c@subparagraph=\count84
\c@figure=\count85
\c@table=\count86
\abovecaptionskip=\skip41
\belowcaptionskip=\skip42
\bibindent=\dimen102
)
(/usr/local/texlive/2014/texmf-dist/tex/latex/graphics/graphicx.sty
Package: graphicx 2014/04/25 v1.0g Enhanced LaTeX Graphics (DPC,SPQR)

(/usr/local/texlive/2014/texmf-dist/tex/latex/graphics/keyval.sty
Package: keyval 2014/05/08 v1.15 key=value parser (DPC)
\KV@toks@=\toks14
)
(/usr/local/texlive/2014/texmf-dist/tex/latex/graphics/graphics.sty
Package: graphics 2009/02/05 v1.0o Standard LaTeX Graphics (DPC,SPQR)

(/usr/local/texlive/2014/texmf-dist/tex/latex/graphics/trig.sty
Package: trig 1999/03/16 v1.09 sin cos tan (DPC)
)
(/usr/local/texlive/2014/texmf-dist/tex/latex/latexconfig/graphics.cfg
File: graphics.cfg 2010/04/23 v1.9 graphics configuration of TeX Live
)
Package graphics Info: Driver file: pdftex.def on input line 91.

(/usr/local/texlive/2014/texmf-dist/tex/latex/pdftex-def/pdftex.def
File: pdftex.def 2011/05/27 v0.06d Graphics/color for pdfTeX

(/usr/local/texlive/2014/texmf-dist/tex/generic/oberdiek/infwarerr.sty
Package: infwarerr 2010/04/08 v1.3 Providing info/warning/error messages (HO)
)
(/usr/local/texlive/2014/texmf-dist/tex/generic/oberdiek/ltxcmds.sty
Package: ltxcmds 2011/11/09 v1.22 LaTeX kernel commands for general use (HO)
)
\Gread@gobject=\count87
))
\Gin@req@height=\dimen103
\Gin@req@width=\dimen104
)
(/usr/local/texlive/2014/texmf-dist/tex/latex/graphics/color.sty
Package: color 2014/04/23 v1.1a Standard LaTeX Color (DPC)

(/usr/local/texlive/2014/texmf-dist/tex/latex/latexconfig/color.cfg
File: color.cfg 2007/01/18 v1.5 color configuration of teTeX/TeXLive
)
Package color Info: Driver file: pdftex.def on input line 137.
)
No file mlautman_hw4.aux.
\openout1 = `mlautman_hw4.aux'.

LaTeX Font Info:    Checking defaults for OML/cmm/m/it on input line 13.
LaTeX Font Info:    ... okay on input line 13.
LaTeX Font Info:    Checking defaults for T1/cmr/m/n on input line 13.
LaTeX Font Info:    ... okay on input line 13.
LaTeX Font Info:    Checking defaults for OT1/cmr/m/n on input line 13.
LaTeX Font Info:    ... okay on input line 13.
LaTeX Font Info:    Checking defaults for OMS/cmsy/m/n on input line 13.
LaTeX Font Info:    ... okay on input line 13.
LaTeX Font Info:    Checking defaults for OMX/cmex/m/n on input line 13.
LaTeX Font Info:    ... okay on input line 13.
LaTeX Font Info:    Checking defaults for U/cmr/m/n on input line 13.
LaTeX Font Info:    ... okay on input line 13.
(/usr/local/texlive/2014/texmf-dist/tex/context/base/supp-pdf.mkii
[Loading MPS to PDF converter (version 2006.09.02).]
\scratchcounter=\count88
\scratchdimen=\dimen105
\scratchbox=\box26
\nofMPsegments=\count89
\nofMParguments=\count90
\everyMPshowfont=\toks15
\MPscratchCnt=\count91
\MPscratchDim=\dimen106
\MPnumerator=\count92
\makeMPintoPDFobject=\count93
\everyMPtoPDFconversion=\toks16
) (/usr/local/texlive/2014/texmf-dist/tex/generic/oberdiek/pdftexcmds.sty
Package: pdftexcmds 2011/11/29 v0.20 Utility functions of pdfTeX for LuaTeX (HO
)

(/usr/local/texlive/2014/texmf-dist/tex/generic/oberdiek/ifluatex.sty
Package: ifluatex 2010/03/01 v1.3 Provides the ifluatex switch (HO)
Package ifluatex Info: LuaTeX not detected.
)
(/usr/local/texlive/2014/texmf-dist/tex/generic/oberdiek/ifpdf.sty
Package: ifpdf 2011/01/30 v2.3 Provides the ifpdf switch (HO)
Package ifpdf Info: pdfTeX in PDF mode is detected.
)
Package pdftexcmds Info: LuaTeX not detected.
Package pdftexcmds Info: \pdf@primitive is available.
Package pdftexcmds Info: \pdf@ifprimitive is available.
Package pdftexcmds Info: \pdfdraftmode found.
)
(/usr/local/texlive/2014/texmf-dist/tex/latex/oberdiek/epstopdf-base.sty
Package: epstopdf-base 2010/02/09 v2.5 Base part for package epstopdf

(/usr/local/texlive/2014/texmf-dist/tex/latex/oberdiek/grfext.sty
Package: grfext 2010/08/19 v1.1 Manage graphics extensions (HO)

(/usr/local/texlive/2014/texmf-dist/tex/generic/oberdiek/kvdefinekeys.sty
Package: kvdefinekeys 2011/04/07 v1.3 Define keys (HO)
))
(/usr/local/texlive/2014/texmf-dist/tex/latex/oberdiek/kvoptions.sty
Package: kvoptions 2011/06/30 v3.11 Key value format for package options (HO)

(/usr/local/texlive/2014/texmf-dist/tex/generic/oberdiek/kvsetkeys.sty
Package: kvsetkeys 2012/04/25 v1.16 Key value parser (HO)

(/usr/local/texlive/2014/texmf-dist/tex/generic/oberdiek/etexcmds.sty
Package: etexcmds 2011/02/16 v1.5 Avoid name clashes with e-TeX commands (HO)
Package etexcmds Info: Could not find \expanded.
(etexcmds)             That can mean that you are not using pdfTeX 1.50 or
(etexcmds)             that some package has redefined \expanded.
(etexcmds)             In the latter case, load this package earlier.
)))
Package grfext Info: Graphics extension search list:
(grfext)             [.png,.pdf,.jpg,.mps,.jpeg,.jbig2,.jb2,.PNG,.PDF,.JPG,.JPE
G,.JBIG2,.JB2,.eps]
(grfext)             \AppendGraphicsExtensions on input line 452.

(/usr/local/texlive/2014/texmf-dist/tex/latex/latexconfig/epstopdf-sys.cfg
File: epstopdf-sys.cfg 2010/07/13 v1.3 Configuration of (r)epstopdf for TeX Liv
e
))
LaTeX Font Info:    External font `cmex10' loaded for size
(Font)              <12> on input line 21.
LaTeX Font Info:    External font `cmex10' loaded for size
(Font)              <8> on input line 21.
LaTeX Font Info:    External font `cmex10' loaded for size
(Font)              <6> on input line 21.

Overfull \hbox (6.74693pt too wide) in paragraph at lines 94--94
[]\OT1/cmtt/m/n/10 voltage_conv = data.channels(1).get_tsdetails.getVoltageConv
ersion;[] 
 []

[1

{/usr/local/texlive/2014/texmf-var/fonts/map/pdftex/updmap/pdftex.map}]
Overfull \hbox (22.4968pt too wide) in paragraph at lines 94--94
[]\OT1/cmtt/m/n/10 train_hfo_cnt(train_classes(1)) = train_hfo_cnt(train_classe
s(1)) + 1;[] 
 []


Overfull \hbox (6.74693pt too wide) in paragraph at lines 94--94
[]    \OT1/cmtt/m/n/10 train_events(i) = train_ann.getNextEvents(train_events(i
-1),1);[] 
 []


Overfull \hbox (1.49698pt too wide) in paragraph at lines 94--94
[]\OT1/cmtt/m/n/10 test_hfo_cnt(test_classes(1)) = test_hfo_cnt(test_classes(1)
) + 1;[] 
 []

[2]
Package epstopdf Info: Source file: <mlautman_hw4_01.eps>
(epstopdf)                    date: 2015-02-28 22:51:39
(epstopdf)                    size: 33857 bytes
(epstopdf)             Output file: <mlautman_hw4_01-eps-converted-to.pdf>
(epstopdf)             Command: <repstopdf --outfile=mlautman_hw4_01-eps-conver
ted-to.pdf mlautman_hw4_01.eps>
(epstopdf)             \includegraphics on input line 143.
runsystem(repstopdf --outfile=mlautman_hw4_01-eps-converted-to.pdf mlautman_hw4
_01.eps)...executed safely (allowed).

Package epstopdf Info: Result file: <mlautman_hw4_01-eps-converted-to.pdf>.


! Package pdftex.def Error: File `mlautman_hw4_01-eps-converted-to.pdf' not fou
nd.

See the pdftex.def package documentation for explanation.
Type  H <return>  for immediate help.
 ...                                              
                                                  
l.143 ...graphics [width=4in]{mlautman_hw4_01.eps}
                                                  
Using draft setting for this image.
Try typing  <return>  to proceed.
If that doesn't work, type  X <return>  to quit.

[3]
Overfull \hbox (274.4946pt too wide) in paragraph at lines 209--209
[]\OT1/cmtt/m/n/10 % filter = firpm(N, [0 Fstop1 Fpass1 Fpass2 Fstop2 Fs/2]/(Fs
/2), [0 0 1 1 0 0], [Wstop1 Wpass Wstop2], {dens})*3.45e2;[] 
 []

[4]
Package epstopdf Info: Source file: <mlautman_hw4_02.eps>
(epstopdf)                    date: 2015-02-28 22:51:42
(epstopdf)                    size: 54956 bytes
(epstopdf)             Output file: <mlautman_hw4_02-eps-converted-to.pdf>
(epstopdf)             Command: <repstopdf --outfile=mlautman_hw4_02-eps-conver
ted-to.pdf mlautman_hw4_02.eps>
(epstopdf)             \includegraphics on input line 211.
runsystem(repstopdf --outfile=mlautman_hw4_02-eps-converted-to.pdf mlautman_hw4
_02.eps)...executed safely (allowed).

Package epstopdf Info: Result file: <mlautman_hw4_02-eps-converted-to.pdf>.


! Package pdftex.def Error: File `mlautman_hw4_02-eps-converted-to.pdf' not fou
nd.

See the pdftex.def package documentation for explanation.
Type  H <return>  for immediate help.
 ...                                              
                                                  
l.211 ...graphics [width=4in]{mlautman_hw4_02.eps}
                                                  
Using draft setting for this image.
Try typing  <return>  to proceed.
If that doesn't work, type  X <return>  to quit.

[5] [6]
Overfull \hbox (17.24684pt too wide) in paragraph at lines 280--280
[]    \OT1/cmtt/m/n/10 s = max(ceil(train_events(i).start/train_len_s*length(tr
ain)),1);[] 
 []


Overfull \hbox (74.99634pt too wide) in paragraph at lines 280--280
[]    \OT1/cmtt/m/n/10 e = min(ceil(train_events(i).stop/train_len_s*length(tra
in)),length(train));[] 
 []


Overfull \hbox (1.49698pt too wide) in paragraph at lines 280--280
[]    \OT1/cmtt/m/n/10 s = max(ceil(test_events(i).start/test_len_s*length(test
)),1);[] 
 []


Overfull \hbox (53.99652pt too wide) in paragraph at lines 280--280
[]    \OT1/cmtt/m/n/10 e = min(ceil(test_events(i).stop/test_len_s*length(test)
),length(test));[] 
 []

Package epstopdf Info: Source file: <mlautman_hw4_03.eps>
(epstopdf)                    date: 2015-02-28 22:51:47
(epstopdf)                    size: 50523 bytes
(epstopdf)             Output file: <mlautman_hw4_03-eps-converted-to.pdf>
(epstopdf)             Command: <repstopdf --outfile=mlautman_hw4_03-eps-conver
ted-to.pdf mlautman_hw4_03.eps>
(epstopdf)             \includegraphics on input line 282.
runsystem(repstopdf --outfile=mlautman_hw4_03-eps-converted-to.pdf mlautman_hw4
_03.eps)...executed safely (allowed).

Package epstopdf Info: Result file: <mlautman_hw4_03-eps-converted-to.pdf>.

! Package pdftex.def Error: File `mlautman_hw4_03-eps-converted-to.pdf' not fou
nd.

See the pdftex.def package documentation for explanation.
Type  H <return>  for immediate help.
 ...                                              
                                                  
l.282 ...graphics [width=4in]{mlautman_hw4_03.eps}
                                                  
Using draft setting for this image.
Try typing  <return>  to proceed.
If that doesn't work, type  X <return>  to quit.

[7] [8]
Overfull \hbox (69.74638pt too wide) in paragraph at lines 338--338
[]\OT1/cmtt/m/n/10 train_error_percent = sum(Y_train_pred' ~= train_classes)/le
ngth(train_classes)[] 
 []


Overfull \hbox (48.74657pt too wide) in paragraph at lines 355--355
[]\OT1/cmtt/m/n/10 test_error_percent = sum(Y_test_pred' ~= test_classes)/lengt
h(test_classes)[] 
 []

[9]
Overfull \hbox (6.74693pt too wide) in paragraph at lines 384--384
[]\OT1/cmtt/m/n/10 knn_pred_train = knnclassify(trainFeats,trainFeats, train_cl
asses);[] 
 []


Overfull \hbox (38.24666pt too wide) in paragraph at lines 384--384
[]\OT1/cmtt/m/n/10 knn_test_error = sum(knn_pred_test' ~= test_classes)/length(
test_classes)[] 
 []


Overfull \hbox (59.24648pt too wide) in paragraph at lines 384--384
[]\OT1/cmtt/m/n/10 knn_train_error = sum(knn_pred_train' ~= train_classes)/leng
th(train_classes)[] 
 []


Overfull \hbox (59.24648pt too wide) in paragraph at lines 415--415
[]\OT1/cmtt/m/n/10 test_err_svm = sum(test_svm_pred_class' ~= test_classes)/len
gth(test_classes)[] 
 []


Overfull \hbox (80.24629pt too wide) in paragraph at lines 415--415
[]\OT1/cmtt/m/n/10 train_err_svm = sum(train_svm_pred_class' ~= train_classes)/
length(train_classes)[] 
 []

[10] [11]
Package epstopdf Info: Source file: <mlautman_hw4_04.eps>
(epstopdf)                    date: 2015-02-28 22:52:08
(epstopdf)                    size: 63117462 bytes
(epstopdf)             Output file: <mlautman_hw4_04-eps-converted-to.pdf>
(epstopdf)             Command: <repstopdf --outfile=mlautman_hw4_04-eps-conver
ted-to.pdf mlautman_hw4_04.eps>
(epstopdf)             \includegraphics on input line 507.
runsystem(repstopdf --outfile=mlautman_hw4_04-eps-converted-to.pdf mlautman_hw4
_04.eps)...executed safely (allowed).

Package epstopdf Info: Result file: <mlautman_hw4_04-eps-converted-to.pdf>.


! Package pdftex.def Error: File `mlautman_hw4_04-eps-converted-to.pdf' not fou
nd.

See the pdftex.def package documentation for explanation.
Type  H <return>  for immediate help.
 ...                                              
                                                  
l.507 ...graphics [width=4in]{mlautman_hw4_04.eps}
                                                  
Using draft setting for this image.
Try typing  <return>  to proceed.
If that doesn't work, type  X <return>  to quit.

Package epstopdf Info: Source file: <mlautman_hw4_05.eps>
(epstopdf)                    date: 2015-02-28 22:52:18
(epstopdf)                    size: 63117462 bytes
(epstopdf)             Output file: <mlautman_hw4_05-eps-converted-to.pdf>
(epstopdf)             Command: <repstopdf --outfile=mlautman_hw4_05-eps-conver
ted-to.pdf mlautman_hw4_05.eps>
(epstopdf)             \includegraphics on input line 509.
runsystem(repstopdf --outfile=mlautman_hw4_05-eps-converted-to.pdf mlautman_hw4
_05.eps)...executed safely (allowed).

Package epstopdf Info: Result file: <mlautman_hw4_05-eps-converted-to.pdf>.

! Package pdftex.def Error: File `mlautman_hw4_05-eps-converted-to.pdf' not fou
nd.

See the pdftex.def package documentation for explanation.
Type  H <return>  for immediate help.
 ...                                              
                                                  
l.509 ...graphics [width=4in]{mlautman_hw4_05.eps}
                                                  
Using draft setting for this image.
Try typing  <return>  to proceed.
If that doesn't work, type  X <return>  to quit.

[12]
Package epstopdf Info: Source file: <mlautman_hw4_06.eps>
(epstopdf)                    date: 2015-02-28 22:52:29
(epstopdf)                    size: 63117465 bytes
(epstopdf)             Output file: <mlautman_hw4_06-eps-converted-to.pdf>
(epstopdf)             Command: <repstopdf --outfile=mlautman_hw4_06-eps-conver
ted-to.pdf mlautman_hw4_06.eps>
(epstopdf)             \includegraphics on input line 511.
runsystem(repstopdf --outfile=mlautman_hw4_06-eps-converted-to.pdf mlautman_hw4
_06.eps)...executed safely (allowed).

Package epstopdf Info: Result file: <mlautman_hw4_06-eps-converted-to.pdf>.


! Package pdftex.def Error: File `mlautman_hw4_06-eps-converted-to.pdf' not fou
nd.

See the pdftex.def package documentation for explanation.
Type  H <return>  for immediate help.
 ...                                              
                                                  
l.511 ...graphics [width=4in]{mlautman_hw4_06.eps}
                                                  
Using draft setting for this image.
Try typing  <return>  to proceed.
If that doesn't work, type  X <return>  to quit.

[13] [14] [15]
Overfull \hbox (11.99689pt too wide) in paragraph at lines 597--597
[]            \OT1/cmtt/m/n/10 test_folds(1:fold_len, 1:d) = trainFeats(folds{j
}, 1:d);[] 
 []


Overfull \hbox (1.49698pt too wide) in paragraph at lines 597--597
[]            \OT1/cmtt/m/n/10 test_fold_class(1:fold_len) = train_classes(fold
s{j});[] 
 []

[16]
Overfull \hbox (32.9967pt too wide) in paragraph at lines 597--597
[]            \OT1/cmtt/m/n/10 train_folds(fold_s:fold_e, 1:d) = trainFeats(fol
ds{j}, 1:d);[] 
 []


Overfull \hbox (22.4968pt too wide) in paragraph at lines 597--597
[]            \OT1/cmtt/m/n/10 train_fold_class(fold_s:fold_e) = train_classes(
folds{j});[] 
 []


Overfull \hbox (48.74657pt too wide) in paragraph at lines 597--597
[]    \OT1/cmtt/m/n/10 knn_pred_test = knnclassify(test_folds, train_folds, tra
in_fold_class);[] 
 []


Overfull \hbox (53.99652pt too wide) in paragraph at lines 597--597
[]    \OT1/cmtt/m/n/10 incorrect_pred = incorrect_pred + sum(knn_pred_test ~= t
est_fold_class);[] 
 []

[17]
Overfull \hbox (32.9967pt too wide) in paragraph at lines 678--678
[]                \OT1/cmtt/m/n/10 test_folds(1:fold_len, 1:d) = trainFeats(fol
ds{j}, 1:d);[] 
 []


Overfull \hbox (22.4968pt too wide) in paragraph at lines 678--678
[]                \OT1/cmtt/m/n/10 test_fold_class(1:fold_len) = train_classes(
folds{j});[] 
 []


Overfull \hbox (53.99652pt too wide) in paragraph at lines 678--678
[]                \OT1/cmtt/m/n/10 train_folds(fold_s:fold_e, 1:d) = trainFeats
(folds{j}, 1:d);[] 
 []


Overfull \hbox (43.49661pt too wide) in paragraph at lines 678--678
[]                \OT1/cmtt/m/n/10 train_fold_class(fold_s:fold_e) = train_clas
ses(folds{j});[] 
 []


Overfull \hbox (85.49625pt too wide) in paragraph at lines 678--678
[]        \OT1/cmtt/m/n/10 knn_pred_test = knnclassify(test_folds, train_folds,
 train_fold_class, k);[] 
 []


Overfull \hbox (74.99634pt too wide) in paragraph at lines 678--678
[]        \OT1/cmtt/m/n/10 incorrect_pred = incorrect_pred + sum(knn_pred_test 
~= test_fold_class);[] 
 []


Overfull \hbox (48.74657pt too wide) in paragraph at lines 678--678
[]    \OT1/cmtt/m/n/10 knn_pred_train = knnclassify(trainFeats, trainFeats, tra
in_classes, k);[] 
 []


Overfull \hbox (101.24611pt too wide) in paragraph at lines 678--678
[]    \OT1/cmtt/m/n/10 knn_train_error(k) = sum(train_classes ~= knn_pred_train
')/length(train_classes);[] 
 []

Package epstopdf Info: Source file: <mlautman_hw4_07.eps>
(epstopdf)                    date: 2015-02-28 22:52:31
(epstopdf)                    size: 26262 bytes
(epstopdf)             Output file: <mlautman_hw4_07-eps-converted-to.pdf>
(epstopdf)             Command: <repstopdf --outfile=mlautman_hw4_07-eps-conver
ted-to.pdf mlautman_hw4_07.eps>
(epstopdf)             \includegraphics on input line 680.
runsystem(repstopdf --outfile=mlautman_hw4_07-eps-converted-to.pdf mlautman_hw4
_07.eps)...executed safely (allowed).

Package epstopdf Info: Result file: <mlautman_hw4_07-eps-converted-to.pdf>.

! Package pdftex.def Error: File `mlautman_hw4_07-eps-converted-to.pdf' not fou
nd.

See the pdftex.def package documentation for explanation.
Type  H <return>  for immediate help.
 ...                                              
                                                  
l.680 ...graphics [width=4in]{mlautman_hw4_07.eps}
                                                  
Using draft setting for this image.
Try typing  <return>  to proceed.
If that doesn't work, type  X <return>  to quit.

[18] [19]
Overfull \hbox (38.24666pt too wide) in paragraph at lines 717--717
[]\OT1/cmtt/m/n/10 knn_pred_test = knnclassify(testFeats,trainFeats, train_clas
ses, best_k);[] 
 []


Overfull \hbox (38.24666pt too wide) in paragraph at lines 717--717
[]\OT1/cmtt/m/n/10 knn_test_error = sum(knn_pred_test' ~= test_classes)/length(
test_classes)[] 
 []

[20] (./mlautman_hw4.aux) ) 
Here is how much of TeX's memory you used:
 1538 strings out of 493117
 22245 string characters out of 6135433
 83845 words of memory out of 5000000
 5000 multiletter control sequences out of 15000+600000
 8063 words of font info for 29 fonts, out of 8000000 for 9000
 1141 hyphenation exceptions out of 8191
 38i,6n,23p,242b,249s stack positions out of 5000i,500n,10000p,200000b,80000s
</usr/local/texlive/2014/texmf-dist/fonts/type1/publ
ic/amsfonts/cm/cmbx10.pfb></usr/local/texlive/2014/texmf-dist/fonts/type1/publi
c/amsfonts/cm/cmbx12.pfb></usr/local/texlive/2014/texmf-dist/fonts/type1/public
/amsfonts/cm/cmr10.pfb></usr/local/texlive/2014/texmf-dist/fonts/type1/public/a
msfonts/cm/cmr12.pfb></usr/local/texlive/2014/texmf-dist/fonts/type1/public/ams
fonts/cm/cmr17.pfb></usr/local/texlive/2014/texmf-dist/fonts/type1/public/amsfo
nts/cm/cmtt10.pfb>
Output written on mlautman_hw4.pdf (20 pages, 105426 bytes).
PDF statistics:
 93 PDF objects out of 1000 (max. 8388607)
 64 compressed objects within 1 object stream
 0 named destinations out of 1000 (max. 500000)
 1 words of extra memory for PDF output out of 10000 (max. 10000000)

